EF(p1+p2)
Generated by BMC4ECTLS 
Copyright (C) Andrzej Zbrzezny <a.zbrzezny@gmail.com> 

wczytywanie lokacji i tranzycji
wczytywanie lokacji i tranzycji
wczytywanie lokacji i tranzycji
wczytywanie lokacji i tranzycji
wczytywanie lokacji i tranzycji
wczytywanie lokacji i tranzycji
wczytywanie lokacji i tranzycji
wczytywanie lokacji i tranzycji
wczytywanie lokacji i tranzycji
wczytywanie lokacji i tranzycji
wczytywanie lokacji i tranzycji
wczytywanie lokacji i tranzycji
wczytywanie lokacji i tranzycji
wczytywanie lokacji i tranzycji
wczytywanie lokacji i tranzycji
wczytywanie lokacji i tranzycji
wczytywanie lokacji i tranzycji
wczytywanie lokacji i tranzycji
wczytywanie lokacji i tranzycji
wczytywanie lokacji i tranzycji
wczytywanie lokacji i tranzycji
wczytywanie lokacji i tranzycji
wczytywanie lokacji i tranzycji
wczytywanie lokacji i tranzycji
wczytywanie lokacji i tranzycji
wczytywanie lokacji i tranzycji
wczytywanie lokacji i tranzycji
wczytywanie lokacji i tranzycji
wczytywanie lokacji i tranzycji
wczytywanie lokacji i tranzycji
wczytywanie lokacji i tranzycji
wczytywanie lokacji i tranzycji
wczytywanie lokacji i tranzycji
wczytywanie lokacji i tranzycji
wczytywanie lokacji i tranzycji
wczytywanie lokacji i tranzycji
wczytywanie lokacji i tranzycji
wczytywanie lokacji i tranzycji
wczytywanie lokacji i tranzycji
wczytywanie lokacji i tranzycji
wczytywanie lokacji i tranzycji
wczytywanie lokacji i tranzycji
wczytywanie lokacji i tranzycji
wczytywanie lokacji i tranzycji
wczytywanie lokacji i tranzycji
wczytywanie lokacji i tranzycji
wczytywanie lokacji i tranzycji
wczytywanie lokacji i tranzycji
wczytywanie lokacji i tranzycji
wczytywanie lokacji i tranzycji
wczytywanie lokacji i tranzycji
wczytywanie lokacji i tranzycji
wczytywanie lokacji i tranzycji
wczytywanie lokacji i tranzycji
wczytywanie lokacji i tranzycji
wczytywanie lokacji i tranzycji
wczytywanie lokacji i tranzycji
wczytywanie lokacji i tranzycji
wczytywanie lokacji i tranzycji
wczytywanie lokacji i tranzycji
wczytywanie lokacji i tranzycji
wczytywanie lokacji i tranzycji
wczytywanie lokacji i tranzycji
wczytywanie lokacji i tranzycji
wczytywanie lokacji i tranzycji
wczytywanie lokacji i tranzycji
Nodes: 198
Edges: 808
EF(p1+p2)
p1p2+EF
Formula is read

Creating 1 symbolic paths of length = 16
createSymbPaths
createSymbPaths: for
createSymbPath
; Path nr 0: first state 

