WARNING: for repeatability, setting FPU to use double precision
============================[ Problem Statistics ]=============================
|                                                                             |
|  Number of variables:         72480                                         |
|  Number of clauses:          203017                                         |
|  Parse time:                   0.04 s                                       |
|                                                                             |
============================[ Search Statistics ]==============================
| Conflicts |          ORIGINAL         |          LEARNT          | Progress |
|           |    Vars  Clauses Literals |    Limit  Clauses Lit/Cl |          |
===============================================================================
|       100 |   65473   186943   439813 |    68674       70     46 |  9.667 % |
|       250 |   65452   186824   439536 |    75542      218     56 |  9.697 % |
|       475 |   65445   186803   439489 |    83096      442     86 |  9.706 % |
|       812 |   65425   186644   439154 |    91406      777     93 |  9.734 % |
|      1318 |   65394   186463   438766 |   100546     1280     97 |  9.776 % |
|      2077 |   65309   186117   437998 |   110601     2032     88 |  9.894 % |
|      3216 |   65113   185291   436164 |   121661     3140     97 | 10.164 % |
|      4924 |   64799   183901   433107 |   133827     4765     96 | 10.597 % |
===============================================================================
restarts              : 30
conflicts             : 6036           (2791 /sec)
decisions             : 86813          (0.00 % random) (40141 /sec)
propagations          : 34235895       (15830112 /sec)
conflict literals     : 558252         (14.25 % deleted)
Memory used           : 21.00 MB
CPU time              : 2.16271 s

UNSATISFIABLE
