wczytywanie automatu
wczytywanie automatu
wczytywanie automatu
wczytywanie automatu
wczytywanie automatu
wczytywanie automatu
wczytywanie automatu
wczytywanie automatu
wczytywanie automatu
wczytywanie automatu
wczytywanie automatu
wczytywanie automatu
wczytywanie automatu
wczytywanie automatu
wczytywanie automatu
wczytywanie automatu
wczytywanie automatu
wczytywanie automatu
wczytywanie automatu
wczytywanie automatu
wczytywanie automatu
wczytywanie automatu
wczytywanie automatu
wczytywanie automatu
wczytywanie automatu
wczytywanie automatu
wczytywanie automatu
wczytywanie automatu
wczytywanie automatu
wczytywanie automatu
wczytywanie automatu
wczytywanie automatu
wczytywanie automatu
wczytywanie automatu
wczytywanie automatu
wczytywanie automatu
wczytywanie automatu
wczytywanie automatu
wczytywanie automatu
wczytywanie automatu
wczytywanie automatu
wczytywanie automatu
wczytywanie automatu
wczytywanie automatu
wczytywanie automatu
wczytywanie automatu
wczytywanie automatu
wczytywanie automatu
wczytywanie automatu
wczytywanie automatu
wczytywanie automatu
wczytywanie automatu
wczytywanie automatu
wczytywanie automatu
wczytywanie automatu
wczytywanie automatu
wczytywanie automatu
wczytywanie automatu
wczytywanie automatu
wczytywanie automatu
wczytywanie automatu
wczytywanie automatu
wczytywanie automatu
wczytywanie automatu
wczytywanie automatu
wczytywanie automatu
Nodes: 198
Edges: 808
Formula is read
Conjunction: 146094

1.237 sec.
Memory used by BMC : 47.38 Mb
