WARNING: for repeatability, setting FPU to use double precision
============================[ Problem Statistics ]=============================
|                                                                             |
|  Number of variables:        178185                                         |
|  Number of clauses:          499160                                         |
|  Parse time:                   0.20 s                                       |
|                                                                             |
============================[ Search Statistics ]==============================
| Conflicts |          ORIGINAL         |          LEARNT          | Progress |
|           |    Vars  Clauses Literals |    Limit  Clauses Lit/Cl |          |
===============================================================================
|       100 |  164233   468226  1104113 |   171891       51      7 |  7.830 % |
|       250 |  164131   468069  1103741 |   189080      193     12 |  7.887 % |
|       475 |  164108   467644  1102820 |   207988      416     39 |  7.900 % |
|       812 |  164108   467489  1102493 |   228787      752     46 |  7.900 % |
|      1318 |  164042   467096  1101641 |   251665     1237     52 |  7.937 % |
|      2077 |  163770   466038  1099287 |   276832     1975     57 |  8.090 % |
|      3216 |  163481   464296  1095495 |   304515     3016     64 |  8.252 % |
|      4924 |  163469   464260  1095412 |   334967     4718     64 |  8.259 % |
|      7486 |  163349   463623  1094020 |   368463     7238     75 |  8.326 % |
|     11330 |  163287   463246  1093205 |   405310    11050     87 |  8.361 % |
|     17096 |  163101   462141  1090814 |   445841    16699    155 |  8.465 % |
|     25745 |  162747   460299  1086780 |   490425    25135    214 |  8.664 % |
|     38719 |  162507   459641  1085294 |   539468    38051    314 |  8.799 % |
|     58180 |  162242   457963  1081646 |   593414    57344    396 |  8.947 % |
|     87372 |  162169   457541  1080726 |   652756    86422    468 |  8.988 % |
|    131161 |  161860   456790  1079036 |   718031   130053    511 |  9.162 % |
===============================================================================
restarts              : 507
conflicts             : 182585         (442 /sec)
decisions             : 1234913        (0.00 % random) (2987 /sec)
propagations          : 1426796220     (3451670 /sec)
conflict literals     : 90724500       (20.76 % deleted)
Memory used           : 613.00 MB
CPU time              : 413.364 s

UNSATISFIABLE
