WARNING: for repeatability, setting FPU to use double precision
============================[ Problem Statistics ]=============================
|                                                                             |
|  Number of variables:        110310                                         |
|  Number of clauses:          309043                                         |
|  Parse time:                   0.07 s                                       |
|                                                                             |
============================[ Search Statistics ]==============================
| Conflicts |          ORIGINAL         |          LEARNT          | Progress |
|           |    Vars  Clauses Literals |    Limit  Clauses Lit/Cl |          |
===============================================================================
|       100 |  100763   287530   677222 |   105551       74     17 |  8.655 % |
|       250 |  100755   287530   677222 |   116107      222     18 |  8.662 % |
|       475 |  100691   287308   676697 |   127717      437     20 |  8.720 % |
|       812 |  100621   286817   675628 |   140489      766     22 |  8.783 % |
|      1318 |  100523   286388   674698 |   154538     1258     33 |  8.872 % |
|      2077 |  100409   285910   673631 |   169992     2007     46 |  8.976 % |
|      3216 |  100274   285157   671993 |   186991     3139     67 |  9.098 % |
|      4924 |  100193   284626   670860 |   205690     4830     67 |  9.171 % |
|      7486 |  100025   283884   669220 |   226260     7365     78 |  9.324 % |
===============================================================================
restarts              : 43
conflicts             : 9744           (2527 /sec)
decisions             : 155046         (0.00 % random) (40203 /sec)
propagations          : 50340485       (13053033 /sec)
conflict literals     : 782936         (15.89 % deleted)
Memory used           : 32.00 MB
CPU time              : 3.85661 s

UNSATISFIABLE
