WARNING: for repeatability, setting FPU to use double precision
============================[ Problem Statistics ]=============================
|                                                                             |
|  Number of variables:        166351                                         |
|  Number of clauses:          465988                                         |
|  Parse time:                   0.12 s                                       |
|                                                                             |
============================[ Search Statistics ]==============================
| Conflicts |          ORIGINAL         |          LEARNT          | Progress |
|           |    Vars  Clauses Literals |    Limit  Clauses Lit/Cl |          |
===============================================================================
|       100 |  153111   436503  1029189 |   160298       51     10 |  7.959 % |
|       250 |  153038   436281  1028664 |   176328      189     15 |  8.003 % |
|       475 |  152952   435901  1027745 |   193960      406     26 |  8.055 % |
|       812 |  152952   435858  1027647 |   213356      743     38 |  8.055 % |
|      1318 |  152924   435682  1027271 |   234692     1246     55 |  8.071 % |
|      2077 |  152722   434680  1025090 |   258161     1976     63 |  8.193 % |
|      3216 |  152714   434655  1025032 |   283978     3113     65 |  8.198 % |
|      4924 |  152628   434382  1024409 |   312375     4812     73 |  8.249 % |
|      7486 |  152588   434056  1023719 |   343613     7358     94 |  8.273 % |
|     11330 |  152249   432056  1019369 |   377974    10961    115 |  8.477 % |
|     17096 |  152175   431640  1018473 |   415772    16708    147 |  8.522 % |
|     25745 |  151948   430559  1016145 |   457349    25263    191 |  8.658 % |
|     38719 |  151746   429147  1013074 |   503084    38069    271 |  8.780 % |
|     58180 |  151353   427019  1008448 |   553392    57276    355 |  9.016 % |
|     87372 |  151237   426471  1007241 |   608732    86372    448 |  9.086 % |
|    131161 |  150951   425384  1004793 |   669605   129884    525 |  9.258 % |
|    196845 |  150951   425384  1004793 |   736566   195568    589 |  9.258 % |
|    295371 |  150925   425200  1004397 |   810222   294057    620 |  9.273 % |
|    443160 |  150904   425135  1004241 |   891244   441840    655 |  9.286 % |
|    664843 |  150888   425109  1004179 |   980369   663520    684 |  9.295 % |
===============================================================================
INDETERMINATE
