wczytywanie automatu
wczytywanie automatu
wczytywanie automatu
wczytywanie automatu
wczytywanie automatu
wczytywanie automatu
wczytywanie automatu
wczytywanie automatu
wczytywanie automatu
wczytywanie automatu
wczytywanie automatu
wczytywanie automatu
wczytywanie automatu
wczytywanie automatu
wczytywanie automatu
wczytywanie automatu
wczytywanie automatu
wczytywanie automatu
wczytywanie automatu
wczytywanie automatu
wczytywanie automatu
wczytywanie automatu
wczytywanie automatu
wczytywanie automatu
wczytywanie automatu
wczytywanie automatu
wczytywanie automatu
wczytywanie automatu
wczytywanie automatu
wczytywanie automatu
wczytywanie automatu
wczytywanie automatu
wczytywanie automatu
wczytywanie automatu
wczytywanie automatu
wczytywanie automatu
wczytywanie automatu
wczytywanie automatu
wczytywanie automatu
wczytywanie automatu
wczytywanie automatu
wczytywanie automatu
wczytywanie automatu
wczytywanie automatu
wczytywanie automatu
wczytywanie automatu
wczytywanie automatu
wczytywanie automatu
wczytywanie automatu
wczytywanie automatu
wczytywanie automatu
wczytywanie automatu
wczytywanie automatu
wczytywanie automatu
wczytywanie automatu
wczytywanie automatu
wczytywanie automatu
wczytywanie automatu
wczytywanie automatu
wczytywanie automatu
wczytywanie automatu
wczytywanie automatu
wczytywanie automatu
wczytywanie automatu
wczytywanie automatu
wczytywanie automatu
Nodes: 198
Edges: 808
Formula is read
Conjunction: 94811

0.6235 sec.
Memory used by BMC : 31.65 Mb
