WARNING: for repeatability, setting FPU to use double precision
============================[ Problem Statistics ]=============================
|                                                                             |
|  Number of variables:         90879                                         |
|  Number of clauses:          254598                                         |
|  Parse time:                   0.06 s                                       |
|                                                                             |
============================[ Search Statistics ]==============================
| Conflicts |          ORIGINAL         |          LEARNT          | Progress |
|           |    Vars  Clauses Literals |    Limit  Clauses Lit/Cl |          |
===============================================================================
|       100 |   82579   236198   556044 |    86605       88     15 |  9.133 % |
|       250 |   82563   235608   554690 |    95266      221     14 |  9.151 % |
|       475 |   82555   235525   554495 |   104793      445     17 |  9.159 % |
|       812 |   82435   234938   553213 |   115272      773     32 |  9.291 % |
|      1318 |   82414   234871   553060 |   126799     1278     42 |  9.315 % |
|      2077 |   82390   234704   552704 |   139479     2029     54 |  9.341 % |
|      3216 |   82330   234214   551673 |   153427     3157     57 |  9.407 % |
|      4924 |   81605   230788   544112 |   168770     4615     65 | 10.205 % |
===============================================================================
restarts              : 31
conflicts             : 7029           (2514 /sec)
decisions             : 91685          (0.00 % random) (32790 /sec)
propagations          : 38500978       (13769420 /sec)
conflict literals     : 458222         (17.97 % deleted)
Memory used           : 24.00 MB
CPU time              : 2.79612 s

UNSATISFIABLE
