wczytywanie automatu
wczytywanie automatu
wczytywanie automatu
wczytywanie automatu
wczytywanie automatu
wczytywanie automatu
wczytywanie automatu
wczytywanie automatu
wczytywanie automatu
wczytywanie automatu
wczytywanie automatu
wczytywanie automatu
wczytywanie automatu
wczytywanie automatu
wczytywanie automatu
wczytywanie automatu
wczytywanie automatu
wczytywanie automatu
wczytywanie automatu
wczytywanie automatu
wczytywanie automatu
wczytywanie automatu
wczytywanie automatu
wczytywanie automatu
wczytywanie automatu
wczytywanie automatu
wczytywanie automatu
wczytywanie automatu
wczytywanie automatu
wczytywanie automatu
wczytywanie automatu
wczytywanie automatu
wczytywanie automatu
wczytywanie automatu
wczytywanie automatu
wczytywanie automatu
wczytywanie automatu
wczytywanie automatu
wczytywanie automatu
wczytywanie automatu
wczytywanie automatu
wczytywanie automatu
wczytywanie automatu
wczytywanie automatu
wczytywanie automatu
wczytywanie automatu
wczytywanie automatu
wczytywanie automatu
wczytywanie automatu
wczytywanie automatu
wczytywanie automatu
wczytywanie automatu
wczytywanie automatu
wczytywanie automatu
wczytywanie automatu
wczytywanie automatu
wczytywanie automatu
wczytywanie automatu
wczytywanie automatu
wczytywanie automatu
wczytywanie automatu
wczytywanie automatu
wczytywanie automatu
wczytywanie automatu
wczytywanie automatu
wczytywanie automatu
Nodes: 198
Edges: 808
Formula is read
Conjunction: 156953

1.339 sec.
Memory used by BMC : 50.6 Mb
