WARNING: for repeatability, setting FPU to use double precision
============================[ Problem Statistics ]=============================
|                                                                             |
|  Number of variables:         81555                                         |
|  Number of clauses:          228463                                         |
|  Parse time:                   0.05 s                                       |
|                                                                             |
============================[ Search Statistics ]==============================
| Conflicts |          ORIGINAL         |          LEARNT          | Progress |
|           |    Vars  Clauses Literals |    Limit  Clauses Lit/Cl |          |
===============================================================================
|       100 |   74031   211414   497554 |    77518       95     31 |  9.226 % |
|       250 |   73891   210856   496303 |    85270      241     37 |  9.397 % |
|       475 |   73887   210698   495970 |    93797      464     45 |  9.402 % |
|       812 |   73887   210686   495943 |   103177      800     50 |  9.402 % |
|      1318 |   73880   210664   495892 |   113494     1304     63 |  9.411 % |
|      2077 |   73682   209405   493187 |   124844     2032     60 |  9.654 % |
|      3216 |   73438   208053   490247 |   137328     3096     71 |  9.953 % |
===============================================================================
restarts              : 23
conflicts             : 4460           (2841 /sec)
decisions             : 57908          (0.00 % random) (36891 /sec)
propagations          : 24266053       (15458920 /sec)
conflict literals     : 286974         (15.00 % deleted)
Memory used           : 19.00 MB
CPU time              : 1.56971 s

UNSATISFIABLE
