WARNING: for repeatability, setting FPU to use double precision
============================[ Problem Statistics ]=============================
|                                                                             |
|  Number of variables:         63645                                         |
|  Number of clauses:          178233                                         |
|  Parse time:                   0.03 s                                       |
|                                                                             |
============================[ Search Statistics ]==============================
| Conflicts |          ORIGINAL         |          LEARNT          | Progress |
|           |    Vars  Clauses Literals |    Limit  Clauses Lit/Cl |          |
===============================================================================
|       100 |   57234   163441   384372 |    60065       71     17 | 10.073 % |
|       250 |   57231   163256   383978 |    66071      220     44 | 10.078 % |
|       475 |   57164   163011   383425 |    72678      440     47 | 10.183 % |
|       812 |   57164   163011   383425 |    79946      777     55 | 10.183 % |
|      1318 |   57002   162327   381907 |    87941     1243     76 | 10.438 % |
|      2077 |   56748   161714   380551 |    96735     1968     89 | 10.837 % |
|      3216 |   56728   161220   379441 |   106409     3087     84 | 10.868 % |
===============================================================================
restarts              : 21
conflicts             : 3944           (3068 /sec)
decisions             : 63802          (0.00 % random) (49639 /sec)
propagations          : 22398762       (17426454 /sec)
conflict literals     : 295059         (15.04 % deleted)
Memory used           : 17.00 MB
CPU time              : 1.28533 s

UNSATISFIABLE
