WARNING: for repeatability, setting FPU to use double precision
============================[ Problem Statistics ]=============================
|                                                                             |
|  Number of variables:        130845                                         |
|  Number of clauses:          366568                                         |
|  Parse time:                   0.15 s                                       |
|                                                                             |
============================[ Search Statistics ]==============================
| Conflicts |          ORIGINAL         |          LEARNT          | Progress |
|           |    Vars  Clauses Literals |    Limit  Clauses Lit/Cl |          |
===============================================================================
|       100 |  119901   342197   806321 |   125592       67      9 |  8.364 % |
|       250 |  119868   341936   805703 |   138151      210     16 |  8.389 % |
|       475 |  119801   341861   805526 |   151966      431     32 |  8.441 % |
|       812 |  119753   341441   804581 |   167163      764     49 |  8.477 % |
|      1318 |  119690   341259   804160 |   183879     1269     61 |  8.525 % |
|      2077 |  119435   339814   801020 |   202267     1991     73 |  8.720 % |
|      3216 |  119435   339814   801020 |   222494     3130     97 |  8.720 % |
|      4924 |  119320   339094   799475 |   244743     4811    104 |  8.808 % |
|      7486 |  119118   338549   798291 |   269217     7345    120 |  8.963 % |
|     11330 |  118807   336166   793172 |   296139    11030    149 |  9.200 % |
|     17096 |  118370   333673   787758 |   325753    16575    149 |  9.534 % |
|     25745 |  117745   331226   782340 |   358329    24891    173 | 10.012 % |
|     38719 |  117648   330544   780794 |   394161    37765    249 | 10.086 % |
|     58180 |  117598   330389   780438 |   433578    57214    312 | 10.124 % |
|     87372 |  117598   330389   780438 |   476935    86406    358 | 10.124 % |
|    131161 |  117598   330389   780438 |   524629   130195    380 | 10.124 % |
|    196845 |  117594   330376   780407 |   577092   195878    385 | 10.127 % |
===============================================================================
restarts              : 607
conflicts             : 258335         (329 /sec)
decisions             : 939467         (0.00 % random) (1196 /sec)
propagations          : 1444453325     (1839223 /sec)
conflict literals     : 98514800       (35.80 % deleted)
Memory used           : 619.00 MB
CPU time              : 785.36 s

UNSATISFIABLE
