WARNING: for repeatability, setting FPU to use double precision
============================[ Problem Statistics ]=============================
|                                                                             |
|  Number of variables:        120435                                         |
|  Number of clauses:          337407                                         |
|  Parse time:                   0.08 s                                       |
|                                                                             |
============================[ Search Statistics ]==============================
| Conflicts |          ORIGINAL         |          LEARNT          | Progress |
|           |    Vars  Clauses Literals |    Limit  Clauses Lit/Cl |          |
===============================================================================
|       100 |  110136   314314   740503 |   115430       55     10 |  8.552 % |
|       250 |  110072   313772   739259 |   126973      197     23 |  8.605 % |
|       475 |  110072   313737   739177 |   139670      422     52 |  8.605 % |
|       812 |  110028   313600   738867 |   153637      755     57 |  8.641 % |
|      1318 |  110028   313600   738867 |   169001     1261     70 |  8.641 % |
|      2077 |  109978   313441   738506 |   185901     2013     69 |  8.683 % |
|      3216 |  109950   313352   738302 |   204491     3150     81 |  8.706 % |
|      4924 |  109856   312780   737065 |   224941     4833     79 |  8.784 % |
|      7486 |  109597   311770   734801 |   247435     7371     86 |  8.999 % |
|     11330 |  109123   309498   729809 |   272178    11102     97 |  9.393 % |
|     17096 |  108846   308154   726855 |   299396    16704    148 |  9.623 % |
|     25745 |  108769   307817   726114 |   329336    25340    237 |  9.687 % |
|     38719 |  108623   307080   724512 |   362269    38276    308 |  9.808 % |
|     58180 |  108585   306886   724093 |   398496    57702    389 |  9.839 % |
|     87372 |  108479   306449   723105 |   438346    86793    433 |  9.927 % |
|    131161 |  108479   306449   723105 |   482181   130582    435 |  9.927 % |
|    196845 |  108411   306166   722472 |   530399   196191    455 |  9.984 % |
===============================================================================
restarts              : 511
conflicts             : 226040         (441 /sec)
decisions             : 815806         (0.00 % random) (1592 /sec)
propagations          : 1156401159     (2256017 /sec)
conflict literals     : 101244434      (34.31 % deleted)
Memory used           : 611.00 MB
CPU time              : 512.585 s

UNSATISFIABLE
