wczytywanie automatu
wczytywanie automatu
wczytywanie automatu
wczytywanie automatu
wczytywanie automatu
wczytywanie automatu
wczytywanie automatu
wczytywanie automatu
wczytywanie automatu
wczytywanie automatu
wczytywanie automatu
wczytywanie automatu
wczytywanie automatu
wczytywanie automatu
wczytywanie automatu
wczytywanie automatu
wczytywanie automatu
wczytywanie automatu
wczytywanie automatu
wczytywanie automatu
wczytywanie automatu
wczytywanie automatu
wczytywanie automatu
wczytywanie automatu
wczytywanie automatu
wczytywanie automatu
wczytywanie automatu
wczytywanie automatu
wczytywanie automatu
wczytywanie automatu
wczytywanie automatu
wczytywanie automatu
wczytywanie automatu
wczytywanie automatu
wczytywanie automatu
wczytywanie automatu
wczytywanie automatu
wczytywanie automatu
wczytywanie automatu
wczytywanie automatu
wczytywanie automatu
wczytywanie automatu
wczytywanie automatu
wczytywanie automatu
wczytywanie automatu
wczytywanie automatu
wczytywanie automatu
wczytywanie automatu
wczytywanie automatu
wczytywanie automatu
wczytywanie automatu
wczytywanie automatu
wczytywanie automatu
wczytywanie automatu
wczytywanie automatu
wczytywanie automatu
wczytywanie automatu
wczytywanie automatu
wczytywanie automatu
wczytywanie automatu
wczytywanie automatu
wczytywanie automatu
wczytywanie automatu
wczytywanie automatu
wczytywanie automatu
wczytywanie automatu
Nodes: 198
Edges: 808
Formula is read
Conjunction: 113649

0.7004 sec.
Memory used by BMC : 37.45 Mb
