WARNING: for repeatability, setting FPU to use double precision
============================[ Problem Statistics ]=============================
|                                                                             |
|  Number of variables:        143655                                         |
|  Number of clauses:          402386                                         |
|  Parse time:                   0.11 s                                       |
|                                                                             |
============================[ Search Statistics ]==============================
| Conflicts |          ORIGINAL         |          LEARNT          | Progress |
|           |    Vars  Clauses Literals |    Limit  Clauses Lit/Cl |          |
===============================================================================
|       100 |  131951   376613   887683 |   138091       91     23 |  8.147 % |
|       250 |  131951   376137   886622 |   151900      240     33 |  8.147 % |
|       475 |  131759   375642   885572 |   167090      455     35 |  8.281 % |
|       812 |  131745   374775   883704 |   183799      785     45 |  8.291 % |
|      1318 |  131734   374742   883630 |   202179     1288     57 |  8.298 % |
|      2077 |  131647   374187   882438 |   222397     2031     68 |  8.359 % |
|      3216 |  131622   374020   882082 |   244637     3169     77 |  8.376 % |
|      4924 |  131566   373661   881316 |   269101     4863     91 |  8.415 % |
|      7486 |  131464   373443   880845 |   296011     7415    124 |  8.486 % |
|     11330 |  131250   371831   877350 |   325612    11151    164 |  8.635 % |
|     17096 |  131176   371320   876260 |   358173    16877    217 |  8.687 % |
|     25745 |  130841   369697   872696 |   393990    25359    261 |  8.920 % |
|     38719 |  130554   368230   869476 |   433390    38203    310 |  9.120 % |
|     58180 |  130230   366559   865812 |   476729    57183    391 |  9.345 % |
|     87372 |  130020   365640   863772 |   524401    86201    401 |  9.491 % |
===============================================================================
restarts              : 317
conflicts             : 117790         (666 /sec)
decisions             : 814352         (0.00 % random) (4607 /sec)
propagations          : 865332479      (4895483 /sec)
conflict literals     : 40772083       (21.92 % deleted)
Memory used           : 253.00 MB
CPU time              : 176.761 s

UNSATISFIABLE
