wczytywanie automatu
wczytywanie automatu
wczytywanie automatu
wczytywanie automatu
wczytywanie automatu
wczytywanie automatu
wczytywanie automatu
wczytywanie automatu
wczytywanie automatu
wczytywanie automatu
wczytywanie automatu
wczytywanie automatu
wczytywanie automatu
wczytywanie automatu
wczytywanie automatu
wczytywanie automatu
wczytywanie automatu
wczytywanie automatu
wczytywanie automatu
wczytywanie automatu
wczytywanie automatu
wczytywanie automatu
wczytywanie automatu
wczytywanie automatu
wczytywanie automatu
wczytywanie automatu
wczytywanie automatu
wczytywanie automatu
wczytywanie automatu
wczytywanie automatu
wczytywanie automatu
wczytywanie automatu
wczytywanie automatu
wczytywanie automatu
wczytywanie automatu
wczytywanie automatu
wczytywanie automatu
wczytywanie automatu
wczytywanie automatu
wczytywanie automatu
wczytywanie automatu
wczytywanie automatu
wczytywanie automatu
wczytywanie automatu
wczytywanie automatu
wczytywanie automatu
wczytywanie automatu
wczytywanie automatu
wczytywanie automatu
wczytywanie automatu
wczytywanie automatu
wczytywanie automatu
wczytywanie automatu
wczytywanie automatu
wczytywanie automatu
wczytywanie automatu
wczytywanie automatu
wczytywanie automatu
wczytywanie automatu
wczytywanie automatu
wczytywanie automatu
wczytywanie automatu
wczytywanie automatu
wczytywanie automatu
wczytywanie automatu
wczytywanie automatu
Nodes: 198
Edges: 808
Formula is read
Conjunction: 43487

0.2545 sec.
Memory used by BMC : 16.05 Mb
