WARNING: for repeatability, setting FPU to use double precision
============================[ Problem Statistics ]=============================
|                                                                             |
|  Number of variables:        190355                                         |
|  Number of clauses:          533282                                         |
|  Parse time:                   0.12 s                                       |
|                                                                             |
============================[ Search Statistics ]==============================
| Conflicts |          ORIGINAL         |          LEARNT          | Progress |
|           |    Vars  Clauses Literals |    Limit  Clauses Lit/Cl |          |
===============================================================================
|       100 |  175640   500468  1180366 |   183823       46      6 |  7.730 % |
|       250 |  175591   500262  1179881 |   202205      188     29 |  7.756 % |
|       475 |  175591   500262  1179881 |   222426      413     39 |  7.756 % |
|       812 |  175550   500035  1179391 |   244669      746     68 |  7.778 % |
|      1318 |  175550   500035  1179391 |   269136     1252     66 |  7.778 % |
|      2077 |  175517   499929  1179152 |   296049     2007     65 |  7.795 % |
|      3216 |  175497   499769  1178811 |   325654     3144     72 |  7.805 % |
|      4924 |  175420   499228  1177657 |   358220     4834     78 |  7.846 % |
|      7486 |  175352   498931  1177001 |   394042     7388     88 |  7.882 % |
|     11330 |  175323   498743  1176601 |   433446    11225    104 |  7.897 % |
|     17096 |  175230   498237  1175521 |   476790    16957    137 |  7.946 % |
|     25745 |  174926   496649  1172049 |   524470    25489    202 |  8.105 % |
|     38719 |  174662   495385  1169283 |   576917    38369    275 |  8.244 % |
|     58180 |  174542   494636  1167673 |   634608    57730    363 |  8.307 % |
|     87372 |  174447   494349  1167008 |   698069    86842    436 |  8.357 % |
|    131161 |  174309   493839  1165861 |   767876   130550    500 |  8.430 % |
|    196845 |  173999   492034  1161932 |   844664   195522    550 |  8.592 % |
|    295371 |  173978   491970  1161785 |   929130   294010    600 |  8.603 % |
|    443160 |  173717   490506  1158616 |  1022043   441306    618 |  8.741 % |
===============================================================================
INDETERMINATE
