WARNING: for repeatability, setting FPU to use double precision
============================[ Problem Statistics ]=============================
|                                                                             |
|  Number of variables:        100461                                         |
|  Number of clauses:          281449                                         |
|  Parse time:                   0.05 s                                       |
|                                                                             |
============================[ Search Statistics ]==============================
| Conflicts |          ORIGINAL         |          LEARNT          | Progress |
|           |    Vars  Clauses Literals |    Limit  Clauses Lit/Cl |          |
===============================================================================
|       100 |   91570   261674   616180 |    95947       72      5 |  8.850 % |
|       250 |   91515   261135   614899 |   105541      207     32 |  8.905 % |
|       475 |   91431   260972   614556 |   116096      430     49 |  8.989 % |
|       812 |   91383   260488   613485 |   127705      760     57 |  9.036 % |
|      1318 |   91331   260399   613281 |   140476     1264     65 |  9.088 % |
|      2077 |   91073   259258   610740 |   154523     2003     71 |  9.345 % |
|      3216 |   91052   259191   610587 |   169976     3138     81 |  9.366 % |
|      4924 |   89877   253782   598606 |   186973     4550     82 | 10.535 % |
===============================================================================
restarts              : 30
conflicts             : 6292           (2479 /sec)
decisions             : 108218         (0.00 % random) (42640 /sec)
propagations          : 36187869       (14258858 /sec)
conflict literals     : 475201         (16.11 % deleted)
Memory used           : 26.00 MB
CPU time              : 2.53792 s

UNSATISFIABLE
