WARNING: for repeatability, setting FPU to use double precision
============================[ Problem Statistics ]=============================
|                                                                             |
|  Number of variables:        154844                                         |
|  Number of clauses:          433739                                         |
|  Parse time:                   0.11 s                                       |
|                                                                             |
============================[ Search Statistics ]==============================
| Conflicts |          ORIGINAL         |          LEARNT          | Progress |
|           |    Vars  Clauses Literals |    Limit  Clauses Lit/Cl |          |
===============================================================================
|       100 |  142322   405608   956243 |   149034       55     15 |  8.087 % |
|       250 |  142294   405608   956243 |   163938      198     10 |  8.105 % |
|       475 |  142221   405365   955665 |   180332      413     14 |  8.152 % |
|       812 |  142122   404755   954283 |   198365      740     13 |  8.216 % |
|      1318 |  142045   404522   953776 |   218202     1237     31 |  8.266 % |
|      2077 |  141845   402937   950347 |   240022     1964     54 |  8.395 % |
|      3216 |  141845   402937   950347 |   264024     3103     68 |  8.395 % |
|      4924 |  141700   401900   948132 |   290426     4777     75 |  8.489 % |
|      7486 |  141299   400460   944969 |   319469     7286     98 |  8.748 % |
|     11330 |  141105   399342   942489 |   351416    11062    116 |  8.873 % |
|     17096 |  140604   395827   934932 |   386558    16407    145 |  9.196 % |
|     25745 |  140169   394030   930915 |   425214    24785    202 |  9.477 % |
|     38719 |  139880   392607   927781 |   467735    37655    284 |  9.664 % |
|     58180 |  139583   391395   925080 |   514509    56930    353 |  9.856 % |
|     87372 |  139422   390189   922501 |   565960    85805    428 |  9.960 % |
|    131161 |  139335   389521   921070 |   622556   129342    478 | 10.016 % |
===============================================================================
restarts              : 460
conflicts             : 169369         (477 /sec)
decisions             : 1126173        (0.00 % random) (3173 /sec)
propagations          : 1269547064     (3577101 /sec)
conflict literals     : 73910075       (22.18 % deleted)
Memory used           : 397.00 MB
CPU time              : 354.91 s

UNSATISFIABLE
